2026-01-13 16:14:45,592 | INFO | Market order executed: {'orderId': 11650745065, 'symbol': 'BTCUSDT', 'status': 'NEW', 'clientOrderId': 'x-Cb7ytekJd2e7e81096e9e7d743ff5', 'price': '0.00', 'avgPrice': '0.00', 'origQty': '0.010', 'executedQty': '0.000', 'cumQty': '0.000', 'cumQuote': '0.00000', 'timeInForce': 'GTC', 'type': 'MARKET', 'reduceOnly': False, 'closePosition': False, 'side': 'BUY', 'positionSide': 'BOTH', 'stopPrice': '0.00', 'workingType': 'CONTRACT_PRICE', 'priceProtect': False, 'origType': 'MARKET', 'priceMatch': 'NONE', 'selfTradePreventionMode': 'EXPIRE_MAKER', 'goodTillDate': 0, 'updateTime': 1768301084839}
2026-01-13 16:27:46,746 | INFO | Market order executed: {'orderId': 11650994473, 'symbol': 'BTCUSDT', 'status': 'NEW', 'clientOrderId': 'x-Cb7ytekJ2b8d1233e1fdaa086df822', 'price': '0.00', 'avgPrice': '0.00', 'origQty': '0.010', 'executedQty': '0.000', 'cumQty': '0.000', 'cumQuote': '0.00000', 'timeInForce': 'GTC', 'type': 'MARKET', 'reduceOnly': False, 'closePosition': False, 'side': 'SELL', 'positionSide': 'BOTH', 'stopPrice': '0.00', 'workingType': 'CONTRACT_PRICE', 'priceProtect': False, 'origType': 'MARKET', 'priceMatch': 'NONE', 'selfTradePreventionMode': 'EXPIRE_MAKER', 'goodTillDate': 0, 'updateTime': 1768301866006}
2026-01-13 16:30:51,054 | INFO | Limit order placed: {'orderId': 11651055670, 'symbol': 'BTCUSDT', 'status': 'NEW', 'clientOrderId': 'x-Cb7ytekJ40a0c9b078ac9d48f2c5fb', 'price': '60000.00', 'avgPrice': '0.00', 'origQty': '0.010', 'executedQty': '0.000', 'cumQty': '0.000', 'cumQuote': '0.00000', 'timeInForce': 'GTC', 'type': 'LIMIT', 'reduceOnly': False, 'closePosition': False, 'side': 'BUY', 'positionSide': 'BOTH', 'stopPrice': '0.00', 'workingType': 'CONTRACT_PRICE', 'priceProtect': False, 'origType': 'LIMIT', 'priceMatch': 'NONE', 'selfTradePreventionMode': 'EXPIRE_MAKER', 'goodTillDate': 0, 'updateTime': 1768302050315}
2026-01-13 16:38:44,495 | INFO | Limit order placed: {'orderId': 11651215482, 'symbol': 'BTCUSDT', 'status': 'NEW', 'clientOrderId': 'x-Cb7ytekJdf2ef87a9249377d97a177', 'price': '10000.00', 'avgPrice': '0.00', 'origQty': '0.010', 'executedQty': '0.000', 'cumQty': '0.000', 'cumQuote': '0.00000', 'timeInForce': 'GTC', 'type': 'LIMIT', 'reduceOnly': False, 'closePosition': False, 'side': 'BUY', 'positionSide': 'BOTH', 'stopPrice': '0.00', 'workingType': 'CONTRACT_PRICE', 'priceProtect': False, 'origType': 'LIMIT', 'priceMatch': 'NONE', 'selfTradePreventionMode': 'EXPIRE_MAKER', 'goodTillDate': 0, 'updateTime': 1768302523761}
2026-01-13 16:42:57,526 | INFO | Limit order placed: {'orderId': 11651294966, 'symbol': 'BTCUSDT', 'status': 'NEW', 'clientOrderId': 'x-Cb7ytekJ4c42eefafd7a70b47faa49', 'price': '100000.00', 'avgPrice': '0.00', 'origQty': '0.010', 'executedQty': '0.000', 'cumQty': '0.000', 'cumQuote': '0.00000', 'timeInForce': 'GTC', 'type': 'LIMIT', 'reduceOnly': False, 'closePosition': False, 'side': 'SELL', 'positionSide': 'BOTH', 'stopPrice': '0.00', 'workingType': 'CONTRACT_PRICE', 'priceProtect': False, 'origType': 'LIMIT', 'priceMatch': 'NONE', 'selfTradePreventionMode': 'EXPIRE_MAKER', 'goodTillDate': 0, 'updateTime': 1768302776786}
2026-01-13 16:53:00,385 | INFO | Market order executed: {'orderId': 11651494897, 'symbol': 'BTCUSDT', 'status': 'NEW', 'clientOrderId': 'x-Cb7ytekJ7a605a192d1c56e2fb6e1b', 'price': '0.00', 'avgPrice': '0.00', 'origQty': '0.010', 'executedQty': '0.000', 'cumQty': '0.000', 'cumQuote': '0.00000', 'timeInForce': 'GTC', 'type': 'MARKET', 'reduceOnly': False, 'closePosition': False, 'side': 'SELL', 'positionSide': 'BOTH', 'stopPrice': '0.00', 'workingType': 'CONTRACT_PRICE', 'priceProtect': False, 'origType': 'MARKET', 'priceMatch': 'NONE', 'selfTradePreventionMode': 'EXPIRE_MAKER', 'goodTillDate': 0, 'updateTime': 1768303379661}
2026-01-13 16:53:50,862 | INFO | Market order executed: {'orderId': 11651512408, 'symbol': 'BTCUSDT', 'status': 'NEW', 'clientOrderId': 'x-Cb7ytekJcd9f3c7752f0755d56e06c', 'price': '0.00', 'avgPrice': '0.00', 'origQty': '0.010', 'executedQty': '0.000', 'cumQty': '0.000', 'cumQuote': '0.00000', 'timeInForce': 'GTC', 'type': 'MARKET', 'reduceOnly': False, 'closePosition': False, 'side': 'SELL', 'positionSide': 'BOTH', 'stopPrice': '0.00', 'workingType': 'CONTRACT_PRICE', 'priceProtect': False, 'origType': 'MARKET', 'priceMatch': 'NONE', 'selfTradePreventionMode': 'EXPIRE_MAKER', 'goodTillDate': 0, 'updateTime': 1768303430129}
2026-01-14 17:12:57,323 | ERROR | APIError(code=-1021): Timestamp for this request was 1000ms ahead of the server's time.
2026-01-14 17:13:11,925 | ERROR | APIError(code=-1021): Timestamp for this request was 1000ms ahead of the server's time.
2026-01-14 17:13:52,049 | ERROR | APIError(code=-1021): Timestamp for this request was 1000ms ahead of the server's time.
2026-01-14 17:18:30,483 | INFO | Cancelled all open orders for BTCUSDT
2026-01-14 17:26:27,221 | INFO | Closed position: BTCUSDT | Side: BUY | Qty: 0.133
2026-01-14 17:27:33,639 | INFO | TWAP order 1/10: BTCUSDT BUY 0.1
2026-01-14 17:27:34,797 | INFO | TWAP order 2/10: BTCUSDT BUY 0.1
2026-01-14 17:27:36,271 | INFO | TWAP order 3/10: BTCUSDT BUY 0.1
2026-01-14 17:27:37,448 | INFO | TWAP order 4/10: BTCUSDT BUY 0.1
2026-01-14 17:27:38,939 | INFO | TWAP order 5/10: BTCUSDT BUY 0.1
2026-01-14 17:27:40,113 | INFO | TWAP order 6/10: BTCUSDT BUY 0.1
2026-01-14 17:27:41,411 | INFO | TWAP order 7/10: BTCUSDT BUY 0.1
2026-01-14 17:27:42,587 | INFO | TWAP order 8/10: BTCUSDT BUY 0.1
2026-01-14 17:27:43,751 | INFO | TWAP order 9/10: BTCUSDT BUY 0.1
2026-01-14 17:27:44,911 | INFO | TWAP order 10/10: BTCUSDT BUY 0.1
2026-01-14 17:30:14,850 | INFO | Closed position: BTCUSDT | Side: SELL | Qty: 1.0
2026-01-14 17:31:00,547 | INFO | Market order executed: {'orderId': 11679751528, 'symbol': 'BTCUSDT', 'status': 'NEW', 'clientOrderId': 'x-Cb7ytekJd6ddb6eaff1e80642ef382', 'price': '0.00', 'avgPrice': '0.00', 'origQty': '0.010', 'executedQty': '0.000', 'cumQty': '0.000', 'cumQuote': '0.00000', 'timeInForce': 'GTC', 'type': 'MARKET', 'reduceOnly': False, 'closePosition': False, 'side': 'BUY', 'positionSide': 'BOTH', 'stopPrice': '0.00', 'workingType': 'CONTRACT_PRICE', 'priceProtect': False, 'origType': 'MARKET', 'priceMatch': 'NONE', 'selfTradePreventionMode': 'EXPIRE_MAKER', 'goodTillDate': 0, 'updateTime': 1768392058279}
2026-01-14 17:32:17,571 | INFO | Limit order placed: {'orderId': 11679779526, 'symbol': 'BTCUSDT', 'status': 'NEW', 'clientOrderId': 'x-Cb7ytekJdac390f63f42baa04b0aea', 'price': '100000.00', 'avgPrice': '0.00', 'origQty': '0.010', 'executedQty': '0.000', 'cumQty': '0.000', 'cumQuote': '0.00000', 'timeInForce': 'GTC', 'type': 'LIMIT', 'reduceOnly': False, 'closePosition': False, 'side': 'SELL', 'positionSide': 'BOTH', 'stopPrice': '0.00', 'workingType': 'CONTRACT_PRICE', 'priceProtect': False, 'origType': 'LIMIT', 'priceMatch': 'NONE', 'selfTradePreventionMode': 'EXPIRE_MAKER', 'goodTillDate': 0, 'updateTime': 1768392135304}
2026-01-14 17:32:50,944 | INFO | Cancelled all open orders for BTCUSDT
2026-01-14 17:33:04,009 | INFO | Closed position: BTCUSDT | Side: SELL | Qty: 0.01
2026-01-14 17:33:34,799 | INFO | TWAP order 1/5: BTCUSDT BUY 0.01
2026-01-14 17:33:40,271 | INFO | TWAP order 2/5: BTCUSDT BUY 0.01
2026-01-14 17:33:45,453 | INFO | TWAP order 3/5: BTCUSDT BUY 0.01
2026-01-14 17:33:50,680 | INFO | TWAP order 4/5: BTCUSDT BUY 0.01
2026-01-14 17:33:55,854 | INFO | TWAP order 5/5: BTCUSDT BUY 0.01
2026-01-14 17:34:52,242 | INFO | OCO simulated: BTCUSDT SELL TP=100000.0 SL=10000.0
2026-01-14 17:44:07,469 | ERROR | name 'view_open_orders' is not defined
2026-01-14 17:45:07,818 | INFO | Cancelled all open orders for BTCUSDT
2026-01-14 17:48:28,476 | ERROR | APIError(code=-4016): Limit price can't be higher than 99695.30.
2026-01-14 17:49:03,869 | INFO | Limit order placed: {'orderId': 11680116638, 'symbol': 'BTCUSDT', 'status': 'NEW', 'clientOrderId': 'x-Cb7ytekJ8c59accccee555d5c26ebf', 'price': '99000.00', 'avgPrice': '0.00', 'origQty': '0.010', 'executedQty': '0.000', 'cumQty': '0.000', 'cumQuote': '0.00000', 'timeInForce': 'GTC', 'type': 'LIMIT', 'reduceOnly': False, 'closePosition': False, 'side': 'BUY', 'positionSide': 'BOTH', 'stopPrice': '0.00', 'workingType': 'CONTRACT_PRICE', 'priceProtect': False, 'origType': 'LIMIT', 'priceMatch': 'NONE', 'selfTradePreventionMode': 'EXPIRE_MAKER', 'goodTillDate': 0, 'updateTime': 1768393141611}
2026-01-14 17:49:39,249 | INFO | Closed position: BTCUSDT | Side: SELL | Qty: 0.06
